<?xml version="1.0" encoding="UTF-8"?>
<!-- Generated by org.testng.reporters.JUnitReportReporter -->
<testsuite hostname="LIN64015710" failures="0" tests="1" name="Java_Automation.Maven_TestNG.BaseTest" time="15.842" errors="0" timestamp="2024-07-30T23:05:03 IST" skipped="0">
  <testcase classname="Java_Automation.Maven_TestNG.BaseTest" name="login" time="15.842"/>
  <system-out/>
</testsuite> <!-- Java_Automation.Maven_TestNG.BaseTest -->
