<?xml version="1.0" encoding="UTF-8"?>
<!-- Generated by org.testng.reporters.JUnitReportReporter -->
<testsuite hostname="LIN64015710" failures="0" tests="2" name="Cucumber.TestNGRunner" time="106.466" errors="0" timestamp="2024-08-08T15:59:35 IST" skipped="0">
  <testcase classname="Cucumber.TestNGRunner" name="runScenario" time="21.355"/>
  <testcase classname="Cucumber.TestNGRunner" name="runScenario" time="85.111"/>
</testsuite> <!-- Cucumber.TestNGRunner -->
